2016-09-29 18:33:14,949 - 王明 用户登录成功 - 学生端
2016-09-29 18:33:19,352 - 王明 用户选课 mysql 成功 - 学生端
2016-09-29 18:33:24,575 - 王明 用户选课 python 成功 - 学生端
2016-09-29 18:34:02,324 - 王明 用户登录成功 - 学生端
2016-09-29 18:34:06,167 - 王明 用户 python 上课 - 学生端
2016-09-29 18:34:27,703 - 王明 用户 mysql 上课 - 学生端
2016-09-29 18:34:37,301 - 王明 用户 python 上课 - 学生端
2016-09-29 18:37:22,507 - 王明 用户登录成功 - 学生端
2016-09-29 18:47:33,548 - 王明 用户登录成功 - 学生端
2016-09-29 18:52:14,260 - 王明 用户登录成功 - 学生端
2016-09-29 18:53:09,687 - 王明 用户 python 上课 - 学生端
2016-09-29 18:55:13,045 - 王明 用户登录成功 - 学生端
2016-09-29 18:55:31,918 - 王明 用户 mysql 上课 - 学生端
2016-09-29 18:56:04,174 - 王明 用户 python 上课 - 学生端
2016-09-29 18:58:22,246 - 王明 用户 python 上课 - 学生端
2016-09-29 18:59:30,956 - 王明 用户登录成功 - 学生端
2016-09-29 18:59:34,575 - 王明 用户 python 上课 - 学生端
2016-09-29 19:00:01,488 - 王明 用户 mysql 上课 - 学生端
2016-09-29 19:00:24,429 - 王明 用户 mysql 上课 - 学生端
2016-09-29 19:17:08,277 - 王明 用户登录成功 - 学生端
2016-09-29 19:28:23,807 - 王明 用户登录成功 - 学生端
2016-09-29 19:28:43,359 - 王明 用户评价 大明 成功 - 学生端
2016-09-29 19:29:58,174 - 王明 用户登录成功 - 学生端
2016-09-29 19:30:57,241 - 王明 用户登录成功 - 学生端
2016-09-29 19:31:03,488 - 王明 用户评价 大明 成功 - 学生端
2016-09-29 19:31:21,022 - 王明 用户评价 大明 成功 - 学生端
2016-09-29 19:31:50,541 - 王明 用户退出登录
