2016-09-22 23:53:29,704 - 110 登录成功
2016-09-22 23:54:58,770 - 110 登录成功
2016-09-22 23:58:45,715 - 110 登录成功
2016-09-22 23:59:32,220 - 110 登录成功
2016-09-22 23:59:36,295 - 110 登录成功
2016-09-22 23:59:36,295 - 110 登录成功
2016-09-23 00:00:48,779 - 110 登录成功
2016-09-23 00:00:54,568 - 110 修改密码
2016-09-23 00:02:21,112 - 110 登录成功
2016-09-23 00:02:26,751 - 110 修改密码
2016-09-23 00:03:29,267 - 110 登录成功
2016-09-23 00:03:33,998 - 110 取款 100 元
2016-09-23 00:05:55,340 - 卡号：110 登录成功
2016-09-23 00:06:02,709 - 卡号：110 转账给 卡号111 - 10 元
2016-09-23 00:07:28,291 - 卡号：110 登录成功
2016-09-23 00:07:33,867 - 卡号：110 存款 - 1000 元
2016-09-23 00:08:40,647 - 卡号：110 登录成功
2016-09-23 01:40:15,364 - 卡号：110 登录成功
2016-09-23 01:41:34,124 - 卡号：110 登录成功
2016-09-23 01:41:50,416 - 卡号：110 还款 - 5103 元 - 1元存入余额 -成功
